CRITICAL - 2021-08-23 01:35:14 --> The framework needs the following extension(s) installed and loaded: intl.
#0 C:\xampp\htdocs\projeto\system\CodeIgniter.php(218): CodeIgniter\Exceptions\FrameworkException::forMissingExtension('intl')
#1 C:\xampp\htdocs\projeto\system\CodeIgniter.php(176): CodeIgniter\CodeIgniter->resolvePlatformExtensions()
#2 C:\xampp\htdocs\projeto\system\bootstrap.php(146): CodeIgniter\CodeIgniter->initialize()
#3 C:\xampp\htdocs\projeto\public\index.php(28): require('C:\\xampp\\htdocs...')
#4 {main}
CRITICAL - 2021-08-23 01:36:38 --> The framework needs the following extension(s) installed and loaded: intl.
#0 C:\xampp\htdocs\projeto\system\CodeIgniter.php(218): CodeIgniter\Exceptions\FrameworkException::forMissingExtension('intl')
#1 C:\xampp\htdocs\projeto\system\CodeIgniter.php(176): CodeIgniter\CodeIgniter->resolvePlatformExtensions()
#2 C:\xampp\htdocs\projeto\system\bootstrap.php(146): CodeIgniter\CodeIgniter->initialize()
#3 C:\xampp\htdocs\projeto\public\index.php(28): require('C:\\xampp\\htdocs...')
#4 {main}
CRITICAL - 2021-08-23 01:36:41 --> The framework needs the following extension(s) installed and loaded: intl.
#0 C:\xampp\htdocs\projeto\system\CodeIgniter.php(218): CodeIgniter\Exceptions\FrameworkException::forMissingExtension('intl')
#1 C:\xampp\htdocs\projeto\system\CodeIgniter.php(176): CodeIgniter\CodeIgniter->resolvePlatformExtensions()
#2 C:\xampp\htdocs\projeto\system\bootstrap.php(146): CodeIgniter\CodeIgniter->initialize()
#3 C:\xampp\htdocs\projeto\public\index.php(28): require('C:\\xampp\\htdocs...')
#4 {main}
CRITICAL - 2021-08-23 01:38:24 --> The framework needs the following extension(s) installed and loaded: intl.
#0 C:\xampp\htdocs\projeto\system\CodeIgniter.php(218): CodeIgniter\Exceptions\FrameworkException::forMissingExtension('intl')
#1 C:\xampp\htdocs\projeto\system\CodeIgniter.php(176): CodeIgniter\CodeIgniter->resolvePlatformExtensions()
#2 C:\xampp\htdocs\projeto\system\bootstrap.php(146): CodeIgniter\CodeIgniter->initialize()
#3 C:\xampp\htdocs\projeto\public\index.php(28): require('C:\\xampp\\htdocs...')
#4 {main}
CRITICAL - 2021-08-23 01:39:04 --> The framework needs the following extension(s) installed and loaded: intl.
#0 C:\xampp\htdocs\projeto\system\CodeIgniter.php(218): CodeIgniter\Exceptions\FrameworkException::forMissingExtension('intl')
#1 C:\xampp\htdocs\projeto\system\CodeIgniter.php(176): CodeIgniter\CodeIgniter->resolvePlatformExtensions()
#2 C:\xampp\htdocs\projeto\system\bootstrap.php(146): CodeIgniter\CodeIgniter->initialize()
#3 C:\xampp\htdocs\projeto\public\index.php(28): require('C:\\xampp\\htdocs...')
#4 {main}
CRITICAL - 2021-08-23 01:39:06 --> The framework needs the following extension(s) installed and loaded: intl.
#0 C:\xampp\htdocs\projeto\system\CodeIgniter.php(218): CodeIgniter\Exceptions\FrameworkException::forMissingExtension('intl')
#1 C:\xampp\htdocs\projeto\system\CodeIgniter.php(176): CodeIgniter\CodeIgniter->resolvePlatformExtensions()
#2 C:\xampp\htdocs\projeto\system\bootstrap.php(146): CodeIgniter\CodeIgniter->initialize()
#3 C:\xampp\htdocs\projeto\public\index.php(28): require('C:\\xampp\\htdocs...')
#4 {main}
CRITICAL - 2021-08-23 01:39:28 --> The framework needs the following extension(s) installed and loaded: intl.
#0 C:\xampp\htdocs\projeto\system\CodeIgniter.php(218): CodeIgniter\Exceptions\FrameworkException::forMissingExtension('intl')
#1 C:\xampp\htdocs\projeto\system\CodeIgniter.php(176): CodeIgniter\CodeIgniter->resolvePlatformExtensions()
#2 C:\xampp\htdocs\projeto\system\bootstrap.php(146): CodeIgniter\CodeIgniter->initialize()
#3 C:\xampp\htdocs\projeto\public\index.php(28): require('C:\\xampp\\htdocs...')
#4 {main}
CRITICAL - 2021-08-23 01:39:29 --> The framework needs the following extension(s) installed and loaded: intl.
#0 C:\xampp\htdocs\projeto\system\CodeIgniter.php(218): CodeIgniter\Exceptions\FrameworkException::forMissingExtension('intl')
#1 C:\xampp\htdocs\projeto\system\CodeIgniter.php(176): CodeIgniter\CodeIgniter->resolvePlatformExtensions()
#2 C:\xampp\htdocs\projeto\system\bootstrap.php(146): CodeIgniter\CodeIgniter->initialize()
#3 C:\xampp\htdocs\projeto\public\index.php(28): require('C:\\xampp\\htdocs...')
#4 {main}
CRITICAL - 2021-08-23 01:39:32 --> The framework needs the following extension(s) installed and loaded: intl.
#0 C:\xampp\htdocs\projeto\system\CodeIgniter.php(218): CodeIgniter\Exceptions\FrameworkException::forMissingExtension('intl')
#1 C:\xampp\htdocs\projeto\system\CodeIgniter.php(176): CodeIgniter\CodeIgniter->resolvePlatformExtensions()
#2 C:\xampp\htdocs\projeto\system\bootstrap.php(146): CodeIgniter\CodeIgniter->initialize()
#3 C:\xampp\htdocs\projeto\public\index.php(28): require('C:\\xampp\\htdocs...')
#4 {main}
CRITICAL - 2021-08-23 01:40:47 --> The framework needs the following extension(s) installed and loaded: intl.
#0 C:\xampp\htdocs\projeto\system\CodeIgniter.php(218): CodeIgniter\Exceptions\FrameworkException::forMissingExtension('intl')
#1 C:\xampp\htdocs\projeto\system\CodeIgniter.php(176): CodeIgniter\CodeIgniter->resolvePlatformExtensions()
#2 C:\xampp\htdocs\projeto\system\bootstrap.php(146): CodeIgniter\CodeIgniter->initialize()
#3 C:\xampp\htdocs\projeto\public\index.php(28): require('C:\\xampp\\htdocs...')
#4 {main}
CRITICAL - 2021-08-23 01:42:17 --> The framework needs the following extension(s) installed and loaded: intl.
#0 C:\xampp\htdocs\projeto\system\CodeIgniter.php(218): CodeIgniter\Exceptions\FrameworkException::forMissingExtension('intl')
#1 C:\xampp\htdocs\projeto\system\CodeIgniter.php(176): CodeIgniter\CodeIgniter->resolvePlatformExtensions()
#2 C:\xampp\htdocs\projeto\system\bootstrap.php(146): CodeIgniter\CodeIgniter->initialize()
#3 C:\xampp\htdocs\projeto\public\index.php(28): require('C:\\xampp\\htdocs...')
#4 {main}
CRITICAL - 2021-08-23 01:42:37 --> The framework needs the following extension(s) installed and loaded: intl.
#0 C:\xampp\htdocs\projeto\system\CodeIgniter.php(218): CodeIgniter\Exceptions\FrameworkException::forMissingExtension('intl')
#1 C:\xampp\htdocs\projeto\system\CodeIgniter.php(176): CodeIgniter\CodeIgniter->resolvePlatformExtensions()
#2 C:\xampp\htdocs\projeto\system\bootstrap.php(146): CodeIgniter\CodeIgniter->initialize()
#3 C:\xampp\htdocs\projeto\public\index.php(28): require('C:\\xampp\\htdocs...')
#4 {main}
CRITICAL - 2021-08-23 01:44:25 --> The framework needs the following extension(s) installed and loaded: intl.
#0 C:\xampp\htdocs\projeto\system\CodeIgniter.php(218): CodeIgniter\Exceptions\FrameworkException::forMissingExtension('intl')
#1 C:\xampp\htdocs\projeto\system\CodeIgniter.php(176): CodeIgniter\CodeIgniter->resolvePlatformExtensions()
#2 C:\xampp\htdocs\projeto\system\bootstrap.php(146): CodeIgniter\CodeIgniter->initialize()
#3 C:\xampp\htdocs\projeto\public\index.php(28): require('C:\\xampp\\htdocs...')
#4 {main}
CRITICAL - 2021-08-23 01:44:31 --> The framework needs the following extension(s) installed and loaded: intl.
#0 C:\xampp\htdocs\projeto\system\CodeIgniter.php(218): CodeIgniter\Exceptions\FrameworkException::forMissingExtension('intl')
#1 C:\xampp\htdocs\projeto\system\CodeIgniter.php(176): CodeIgniter\CodeIgniter->resolvePlatformExtensions()
#2 C:\xampp\htdocs\projeto\system\bootstrap.php(146): CodeIgniter\CodeIgniter->initialize()
#3 C:\xampp\htdocs\projeto\public\index.php(28): require('C:\\xampp\\htdocs...')
#4 {main}
CRITICAL - 2021-08-23 01:45:03 --> The framework needs the following extension(s) installed and loaded: intl.
#0 C:\xampp\htdocs\projeto\system\CodeIgniter.php(218): CodeIgniter\Exceptions\FrameworkException::forMissingExtension('intl')
#1 C:\xampp\htdocs\projeto\system\CodeIgniter.php(176): CodeIgniter\CodeIgniter->resolvePlatformExtensions()
#2 C:\xampp\htdocs\projeto\system\bootstrap.php(146): CodeIgniter\CodeIgniter->initialize()
#3 C:\xampp\htdocs\projeto\public\index.php(28): require('C:\\xampp\\htdocs...')
#4 {main}
CRITICAL - 2021-08-23 01:45:45 --> The framework needs the following extension(s) installed and loaded: intl.
#0 C:\xampp\htdocs\projeto\system\CodeIgniter.php(218): CodeIgniter\Exceptions\FrameworkException::forMissingExtension('intl')
#1 C:\xampp\htdocs\projeto\system\CodeIgniter.php(176): CodeIgniter\CodeIgniter->resolvePlatformExtensions()
#2 C:\xampp\htdocs\projeto\system\bootstrap.php(146): CodeIgniter\CodeIgniter->initialize()
#3 C:\xampp\htdocs\projeto\public\index.php(28): require('C:\\xampp\\htdocs...')
#4 {main}
CRITICAL - 2021-08-23 01:46:38 --> The framework needs the following extension(s) installed and loaded: intl.
#0 C:\xampp\htdocs\projeto\system\CodeIgniter.php(218): CodeIgniter\Exceptions\FrameworkException::forMissingExtension('intl')
#1 C:\xampp\htdocs\projeto\system\CodeIgniter.php(176): CodeIgniter\CodeIgniter->resolvePlatformExtensions()
#2 C:\xampp\htdocs\projeto\system\bootstrap.php(146): CodeIgniter\CodeIgniter->initialize()
#3 C:\xampp\htdocs\projeto\public\index.php(28): require('C:\\xampp\\htdocs...')
#4 {main}
CRITICAL - 2021-08-23 01:46:47 --> The framework needs the following extension(s) installed and loaded: intl.
#0 C:\xampp\htdocs\projeto\system\CodeIgniter.php(218): CodeIgniter\Exceptions\FrameworkException::forMissingExtension('intl')
#1 C:\xampp\htdocs\projeto\system\CodeIgniter.php(176): CodeIgniter\CodeIgniter->resolvePlatformExtensions()
#2 C:\xampp\htdocs\projeto\system\bootstrap.php(146): CodeIgniter\CodeIgniter->initialize()
#3 C:\xampp\htdocs\projeto\public\index.php(28): require('C:\\xampp\\htdocs...')
#4 {main}
CRITICAL - 2021-08-23 01:46:48 --> The framework needs the following extension(s) installed and loaded: intl.
#0 C:\xampp\htdocs\projeto\system\CodeIgniter.php(218): CodeIgniter\Exceptions\FrameworkException::forMissingExtension('intl')
#1 C:\xampp\htdocs\projeto\system\CodeIgniter.php(176): CodeIgniter\CodeIgniter->resolvePlatformExtensions()
#2 C:\xampp\htdocs\projeto\system\bootstrap.php(146): CodeIgniter\CodeIgniter->initialize()
#3 C:\xampp\htdocs\projeto\public\index.php(28): require('C:\\xampp\\htdocs...')
#4 {main}
CRITICAL - 2021-08-23 01:47:38 --> The framework needs the following extension(s) installed and loaded: intl.
#0 C:\xampp\htdocs\projeto\system\CodeIgniter.php(218): CodeIgniter\Exceptions\FrameworkException::forMissingExtension('intl')
#1 C:\xampp\htdocs\projeto\system\CodeIgniter.php(176): CodeIgniter\CodeIgniter->resolvePlatformExtensions()
#2 C:\xampp\htdocs\projeto\system\bootstrap.php(146): CodeIgniter\CodeIgniter->initialize()
#3 C:\xampp\htdocs\projeto\public\index.php(28): require('C:\\xampp\\htdocs...')
#4 {main}
CRITICAL - 2021-08-23 01:55:43 --> The framework needs the following extension(s) installed and loaded: intl.
#0 C:\xampp\htdocs\projeto\system\CodeIgniter.php(218): CodeIgniter\Exceptions\FrameworkException::forMissingExtension('intl')
#1 C:\xampp\htdocs\projeto\system\CodeIgniter.php(176): CodeIgniter\CodeIgniter->resolvePlatformExtensions()
#2 C:\xampp\htdocs\projeto\system\bootstrap.php(146): CodeIgniter\CodeIgniter->initialize()
#3 C:\xampp\htdocs\projeto\public\index.php(28): require('C:\\xampp\\htdocs...')
#4 {main}
